<?xml version="1.0" encoding="UTF-8"?>
<robot generator="Robot 3.2.2 (Python 3.11.9 on win32)" generated="20240817 22:01:42.783" rpa="false">
<suite id="s1" name="Practice Project" source="D:\OneDrive - Envecon\All Envecon Project Data\Automation Testing\Robot Freamwork\Softwares\workspace\Enabill_4.5\Practice Project">
<suite id="s1-s1" name="All Suits" source="D:\OneDrive - Envecon\All Envecon Project Data\Automation Testing\Robot Freamwork\Softwares\workspace\Enabill_4.5\Practice Project\All Suits">
<suite id="s1-s1-s1" name="Auth" source="D:\OneDrive - Envecon\All Envecon Project Data\Automation Testing\Robot Freamwork\Softwares\workspace\Enabill_4.5\Practice Project\All Suits\Auth.robot">
<test id="s1-s1-s1-t1" name="TC001">
<kw name="Create List" library="BuiltIn">
<doc>Returns a list containing given items.</doc>
<arguments>
<arg>12345</arg>
<arg>ABCDE</arg>
</arguments>
<assign>
<var>${AuthDetails}</var>
</assign>
<msg timestamp="20240817 22:01:43.231" level="INFO">${AuthDetails} = ['12345', 'ABCDE']</msg>
<status status="PASS" starttime="20240817 22:01:43.231" endtime="20240817 22:01:43.232"></status>
</kw>
<kw name="Create Session" library="RequestsLibrary">
<doc>Create Session: create a HTTP session to a server</doc>
<arguments>
<arg>Auth</arg>
<arg>${BaseURL}</arg>
<arg>auth=${AuthDetails}</arg>
</arguments>
<msg timestamp="20240817 22:01:43.232" level="INFO">Creating Session using : alias=Auth, url=http://13.95.199.223:81, headers={},                     cookies={}, auth=&lt;requests.auth.HTTPBasicAuth object at 0x0000013460FCDE50&gt;, timeout=None, proxies=None, verify=False,                     debug=0 </msg>
<status status="PASS" starttime="20240817 22:01:43.232" endtime="20240817 22:01:43.233"></status>
</kw>
<kw name="Create Dictionary" library="BuiltIn">
<doc>Creates and returns a dictionary based on the given ``items``.</doc>
<arguments>
<arg>VoucherNo=F2023PIAEXP00061</arg>
</arguments>
<assign>
<var>${Body}</var>
</assign>
<msg timestamp="20240817 22:01:43.233" level="INFO">${Body} = {'VoucherNo': 'F2023PIAEXP00061'}</msg>
<status status="PASS" starttime="20240817 22:01:43.233" endtime="20240817 22:01:43.233"></status>
</kw>
<kw name="Create Dictionary" library="BuiltIn">
<doc>Creates and returns a dictionary based on the given ``items``.</doc>
<arguments>
<arg>Content-Type=application/json</arg>
<arg>SiteCode=#PIA#</arg>
</arguments>
<assign>
<var>${header}</var>
</assign>
<msg timestamp="20240817 22:01:43.234" level="INFO">${header} = {'Content-Type': 'application/json', 'SiteCode': '#PIA#'}</msg>
<status status="PASS" starttime="20240817 22:01:43.234" endtime="20240817 22:01:43.234"></status>
</kw>
<kw name="POST On Session" library="RequestsLibrary">
<doc>Sends a POST request on a previously created HTTP Session.</doc>
<arguments>
<arg>Auth</arg>
<arg>${Endpoint}</arg>
<arg>json=${Body}</arg>
<arg>headers=${header}</arg>
</arguments>
<assign>
<var>${response}</var>
</assign>
<msg timestamp="20240817 22:01:43.747" level="INFO">POST Request : url=http://13.95.199.223:81/Billing/Open/GetVoucher 
 path_url=/Billing/Open/GetVoucher 
 headers={'User-Agent': 'python-requests/2.32.3', 'Accept-Encoding': 'gzip, deflate', 'Accept': '*/*', 'Connection': 'keep-alive', 'Content-Type': 'application/json', 'SiteCode': '#PIA#', 'Content-Length': '33', 'Authorization': 'Basic MTIzNDU6QUJDREU='} 
 body=b'{"VoucherNo": "F2023PIAEXP00061"}' 
 </msg>
<msg timestamp="20240817 22:01:43.747" level="INFO">POST Response : url=http://13.95.199.223:81/Billing/Open/GetVoucher 
 status=200, reason=OK 
 headers={'Cache-Control': 'private', 'Content-Type': 'application/json; charset=utf-8', 'Server': 'Microsoft-IIS/10.0', 'X-AspNetMvc-Version': '5.2', 'X-AspNet-Version': '4.0.30319', 'X-Powered-By': 'ASP.NET', 'Access-Control-Allow-Headers': 'Content-Type', 'Access-Control-Allow-Methods': 'GET, POST, PUT, DELETE, OPTIONS', 'Access-Control-Allow-Origin': '*', 'X-Frame-Options': 'sameorigin', 'Date': 'Sat, 17 Aug 2024 16:31:43 GMT', 'Content-Length': '405'} 
 body={"$id":"1","Content":"[{\"InvoiceType\":\"Invoice\",\"CustomerName\":\"ROYAL WELDING WIRES PVT LTD\",\"InvoiceNumber\":\"F2023PIAEXP00061\",\"InvoiceDate\":\"2024-08-12 09:59:42\",\"InvoiceValidityDate\":\"2024-08-17 09:59:42\",\"DateFormat\":\"yyyy-MM-dd HH:mm:ss\",\"InvoiceAmount\":2500.0000,\"BLNumberInvoiced\":\"3000000\",\"JobOrderNumber\":\"441\"}]","ResponseMessage":"SUCCESS","ResponseCode":200} 
 </msg>
<msg timestamp="20240817 22:01:43.747" level="INFO">${response} = &lt;Response [200]&gt;</msg>
<status status="PASS" starttime="20240817 22:01:43.234" endtime="20240817 22:01:43.747"></status>
</kw>
<kw name="Log" library="BuiltIn">
<doc>Logs the given message with the given level.</doc>
<arguments>
<arg>${response.status_code}</arg>
</arguments>
<msg timestamp="20240817 22:01:43.748" level="INFO">200</msg>
<status status="PASS" starttime="20240817 22:01:43.747" endtime="20240817 22:01:43.748"></status>
</kw>
<kw name="Log" library="BuiltIn">
<doc>Logs the given message with the given level.</doc>
<arguments>
<arg>${response.content}</arg>
</arguments>
<msg timestamp="20240817 22:01:43.749" level="INFO">{"$id":"1","Content":"[{\"InvoiceType\":\"Invoice\",\"CustomerName\":\"ROYAL WELDING WIRES PVT LTD\",\"InvoiceNumber\":\"F2023PIAEXP00061\",\"InvoiceDate\":\"2024-08-12 09:59:42\",\"InvoiceValidityDate\":\"2024-08-17 09:59:42\",\"DateFormat\":\"yyyy-MM-dd HH:mm:ss\",\"InvoiceAmount\":2500.0000,\"BLNumberInvoiced\":\"3000000\",\"JobOrderNumber\":\"441\"}]","ResponseMessage":"SUCCESS","ResponseCode":200}</msg>
<status status="PASS" starttime="20240817 22:01:43.749" endtime="20240817 22:01:43.749"></status>
</kw>
<kw name="Convert To String" library="BuiltIn">
<doc>Converts the given item to a Unicode string.</doc>
<arguments>
<arg>${response.status_code}</arg>
</arguments>
<assign>
<var>${ResponseStatusCode}</var>
</assign>
<msg timestamp="20240817 22:01:43.749" level="INFO">${ResponseStatusCode} = 200</msg>
<status status="PASS" starttime="20240817 22:01:43.749" endtime="20240817 22:01:43.750"></status>
</kw>
<kw name="Convert To String" library="BuiltIn">
<doc>Converts the given item to a Unicode string.</doc>
<arguments>
<arg>${response.content}</arg>
</arguments>
<assign>
<var>${Responde}</var>
</assign>
<msg timestamp="20240817 22:01:43.750" level="INFO">${Responde} = {"$id":"1","Content":"[{\"InvoiceType\":\"Invoice\",\"CustomerName\":\"ROYAL WELDING WIRES PVT LTD\",\"InvoiceNumber\":\"F2023PIAEXP00061\",\"InvoiceDate\":\"2024-08-12 09:59:42\",\"InvoiceValidityDat...</msg>
<status status="PASS" starttime="20240817 22:01:43.750" endtime="20240817 22:01:43.750"></status>
</kw>
<kw name="Should Contain" library="BuiltIn">
<doc>Fails if ``container`` does not contain ``item`` one or more times.</doc>
<arguments>
<arg>${ResponseStatusCode}</arg>
<arg>200</arg>
</arguments>
<status status="PASS" starttime="20240817 22:01:43.750" endtime="20240817 22:01:43.751"></status>
</kw>
<kw name="Should Contain" library="BuiltIn">
<doc>Fails if ``container`` does not contain ``item`` one or more times.</doc>
<arguments>
<arg>${Responde}</arg>
<arg>${InvoiceType}</arg>
</arguments>
<status status="PASS" starttime="20240817 22:01:43.751" endtime="20240817 22:01:43.751"></status>
</kw>
<kw name="Should Contain" library="BuiltIn">
<doc>Fails if ``container`` does not contain ``item`` one or more times.</doc>
<arguments>
<arg>${Responde}</arg>
<arg>${CustomerName}</arg>
</arguments>
<status status="PASS" starttime="20240817 22:01:43.751" endtime="20240817 22:01:43.751"></status>
</kw>
<kw name="Should Contain" library="BuiltIn">
<doc>Fails if ``container`` does not contain ``item`` one or more times.</doc>
<arguments>
<arg>${Responde}</arg>
<arg>${InvoiceNumber}</arg>
</arguments>
<status status="PASS" starttime="20240817 22:01:43.752" endtime="20240817 22:01:43.752"></status>
</kw>
<kw name="Should Contain" library="BuiltIn">
<doc>Fails if ``container`` does not contain ``item`` one or more times.</doc>
<arguments>
<arg>${Responde}</arg>
<arg>${InvoiceValidityDate}</arg>
</arguments>
<status status="PASS" starttime="20240817 22:01:43.752" endtime="20240817 22:01:43.752"></status>
</kw>
<kw name="Should Contain" library="BuiltIn">
<doc>Fails if ``container`` does not contain ``item`` one or more times.</doc>
<arguments>
<arg>${Responde}</arg>
<arg>${DateFormat}</arg>
</arguments>
<status status="PASS" starttime="20240817 22:01:43.752" endtime="20240817 22:01:43.752"></status>
</kw>
<kw name="Should Contain" library="BuiltIn">
<doc>Fails if ``container`` does not contain ``item`` one or more times.</doc>
<arguments>
<arg>${Responde}</arg>
<arg>${BLNumberInvoiced}</arg>
</arguments>
<status status="PASS" starttime="20240817 22:01:43.752" endtime="20240817 22:01:43.752"></status>
</kw>
<kw name="Should Contain" library="BuiltIn">
<doc>Fails if ``container`` does not contain ``item`` one or more times.</doc>
<arguments>
<arg>${Responde}</arg>
<arg>${ResponseMessage}</arg>
</arguments>
<status status="PASS" starttime="20240817 22:01:43.752" endtime="20240817 22:01:43.752"></status>
</kw>
<kw name="Should Contain" library="BuiltIn">
<doc>Fails if ``container`` does not contain ``item`` one or more times.</doc>
<arguments>
<arg>${ResponseStatusCode}</arg>
<arg>${ResponseCode}</arg>
</arguments>
<status status="PASS" starttime="20240817 22:01:43.753" endtime="20240817 22:01:43.754"></status>
</kw>
<doc>Validate that the API returns the correct invoice details,
specifically checking if the Invoice details matches the expected value.</doc>
<status status="PASS" starttime="20240817 22:01:43.230" endtime="20240817 22:01:43.754" critical="yes"></status>
</test>
<test id="s1-s1-s1-t2" name="TC002">
<kw name="Create List" library="BuiltIn">
<doc>Returns a list containing given items.</doc>
<arguments>
<arg>12345</arg>
<arg>ABCDE</arg>
</arguments>
<assign>
<var>${AuthDetails}</var>
</assign>
<msg timestamp="20240817 22:01:43.755" level="INFO">${AuthDetails} = ['12345', 'ABCDE']</msg>
<status status="PASS" starttime="20240817 22:01:43.755" endtime="20240817 22:01:43.755"></status>
</kw>
<kw name="Create Session" library="RequestsLibrary">
<doc>Create Session: create a HTTP session to a server</doc>
<arguments>
<arg>Auth</arg>
<arg>${BaseURLS}</arg>
<arg>auth=${AuthDetails}</arg>
</arguments>
<msg timestamp="20240817 22:01:43.756" level="INFO">Creating Session using : alias=Auth, url=http://13.95.199.223:81, headers={},                     cookies={}, auth=&lt;requests.auth.HTTPBasicAuth object at 0x0000013460FE6290&gt;, timeout=None, proxies=None, verify=False,                     debug=0 </msg>
<status status="PASS" starttime="20240817 22:01:43.755" endtime="20240817 22:01:43.756"></status>
</kw>
<kw name="Create Dictionary" library="BuiltIn">
<doc>Creates and returns a dictionary based on the given ``items``.</doc>
<arguments>
<arg>VoucherNo=F2023PIAEXP00061</arg>
<arg>Amount=2500</arg>
</arguments>
<assign>
<var>${Body}</var>
</assign>
<msg timestamp="20240817 22:01:43.757" level="INFO">${Body} = {'VoucherNo': 'F2023PIAEXP00061', 'Amount': '2500'}</msg>
<status status="PASS" starttime="20240817 22:01:43.756" endtime="20240817 22:01:43.757"></status>
</kw>
<kw name="Create Dictionary" library="BuiltIn">
<doc>Creates and returns a dictionary based on the given ``items``.</doc>
<arguments>
<arg>Content-Type=application/json</arg>
<arg>SiteCode=#PIA#</arg>
</arguments>
<assign>
<var>${header}</var>
</assign>
<msg timestamp="20240817 22:01:43.757" level="INFO">${header} = {'Content-Type': 'application/json', 'SiteCode': '#PIA#'}</msg>
<status status="PASS" starttime="20240817 22:01:43.757" endtime="20240817 22:01:43.757"></status>
</kw>
<kw name="POST On Session" library="RequestsLibrary">
<doc>Sends a POST request on a previously created HTTP Session.</doc>
<arguments>
<arg>Auth</arg>
<arg>${EndPointS}</arg>
<arg>json=${Body}</arg>
<arg>headers=${header}</arg>
</arguments>
<assign>
<var>${response}</var>
</assign>
<msg timestamp="20240817 22:01:44.654" level="INFO">POST Request : url=http://13.95.199.223:81/Billing/Open/Voucher 
 path_url=/Billing/Open/Voucher 
 headers={'User-Agent': 'python-requests/2.32.3', 'Accept-Encoding': 'gzip, deflate', 'Accept': '*/*', 'Connection': 'keep-alive', 'Content-Type': 'application/json', 'SiteCode': '#PIA#', 'Content-Length': '51', 'Authorization': 'Basic MTIzNDU6QUJDREU='} 
 body=b'{"VoucherNo": "F2023PIAEXP00061", "Amount": "2500"}' 
 </msg>
<msg timestamp="20240817 22:01:44.655" level="INFO">POST Response : url=http://13.95.199.223:81/Billing/Open/Voucher 
 status=200, reason=OK 
 headers={'Cache-Control': 'private', 'Content-Type': 'application/json; charset=utf-8', 'Server': 'Microsoft-IIS/10.0', 'X-AspNetMvc-Version': '5.2', 'X-AspNet-Version': '4.0.30319', 'X-Powered-By': 'ASP.NET', 'Access-Control-Allow-Headers': 'Content-Type', 'Access-Control-Allow-Methods': 'GET, POST, PUT, DELETE, OPTIONS', 'Access-Control-Allow-Origin': '*', 'X-Frame-Options': 'sameorigin', 'Date': 'Sat, 17 Aug 2024 16:31:43 GMT', 'Content-Length': '78'} 
 body={"$id":"1","Content":"Success","ResponseMessage":"SUCCESS","ResponseCode":200} 
 </msg>
<msg timestamp="20240817 22:01:44.655" level="INFO">${response} = &lt;Response [200]&gt;</msg>
<status status="PASS" starttime="20240817 22:01:43.757" endtime="20240817 22:01:44.655"></status>
</kw>
<kw name="Log" library="BuiltIn">
<doc>Logs the given message with the given level.</doc>
<arguments>
<arg>${response.status_code}</arg>
</arguments>
<msg timestamp="20240817 22:01:44.655" level="INFO">200</msg>
<status status="PASS" starttime="20240817 22:01:44.655" endtime="20240817 22:01:44.655"></status>
</kw>
<kw name="Log" library="BuiltIn">
<doc>Logs the given message with the given level.</doc>
<arguments>
<arg>${response.content}</arg>
</arguments>
<msg timestamp="20240817 22:01:44.656" level="INFO">{"$id":"1","Content":"Success","ResponseMessage":"SUCCESS","ResponseCode":200}</msg>
<status status="PASS" starttime="20240817 22:01:44.656" endtime="20240817 22:01:44.656"></status>
</kw>
<kw name="Convert To String" library="BuiltIn">
<doc>Converts the given item to a Unicode string.</doc>
<arguments>
<arg>${response.status_code}</arg>
</arguments>
<assign>
<var>${ResponseStatusCode}</var>
</assign>
<msg timestamp="20240817 22:01:44.656" level="INFO">${ResponseStatusCode} = 200</msg>
<status status="PASS" starttime="20240817 22:01:44.656" endtime="20240817 22:01:44.656"></status>
</kw>
<kw name="Convert To String" library="BuiltIn">
<doc>Converts the given item to a Unicode string.</doc>
<arguments>
<arg>${response.content}</arg>
</arguments>
<assign>
<var>${Responde}</var>
</assign>
<msg timestamp="20240817 22:01:44.657" level="INFO">${Responde} = {"$id":"1","Content":"Success","ResponseMessage":"SUCCESS","ResponseCode":200}</msg>
<status status="PASS" starttime="20240817 22:01:44.657" endtime="20240817 22:01:44.657"></status>
</kw>
<kw name="Should Contain" library="BuiltIn">
<doc>Fails if ``container`` does not contain ``item`` one or more times.</doc>
<arguments>
<arg>${ResponseStatusCode}</arg>
<arg>200</arg>
</arguments>
<status status="PASS" starttime="20240817 22:01:44.657" endtime="20240817 22:01:44.657"></status>
</kw>
<kw name="Should Contain" library="BuiltIn">
<doc>Fails if ``container`` does not contain ``item`` one or more times.</doc>
<arguments>
<arg>${Responde}</arg>
<arg>${Id}</arg>
</arguments>
<status status="PASS" starttime="20240817 22:01:44.657" endtime="20240817 22:01:44.657"></status>
</kw>
<kw name="Should Contain" library="BuiltIn">
<doc>Fails if ``container`` does not contain ``item`` one or more times.</doc>
<arguments>
<arg>${Responde}</arg>
<arg>${Content}</arg>
</arguments>
<status status="PASS" starttime="20240817 22:01:44.657" endtime="20240817 22:01:44.658"></status>
</kw>
<kw name="Should Contain" library="BuiltIn">
<doc>Fails if ``container`` does not contain ``item`` one or more times.</doc>
<arguments>
<arg>${Responde}</arg>
<arg>${SResponseMessage}</arg>
</arguments>
<status status="PASS" starttime="20240817 22:01:44.658" endtime="20240817 22:01:44.658"></status>
</kw>
<kw name="Should Contain" library="BuiltIn">
<doc>Fails if ``container`` does not contain ``item`` one or more times.</doc>
<arguments>
<arg>${Responde}</arg>
<arg>${SResponseCode}</arg>
</arguments>
<status status="PASS" starttime="20240817 22:01:44.658" endtime="20240817 22:01:44.658"></status>
</kw>
<doc>Check if settlement can be performed on approved invoices.</doc>
<status status="PASS" starttime="20240817 22:01:43.754" endtime="20240817 22:01:44.658" critical="yes"></status>
</test>
<status status="PASS" starttime="20240817 22:01:42.828" endtime="20240817 22:01:44.659"></status>
</suite>
<status status="PASS" starttime="20240817 22:01:42.812" endtime="20240817 22:01:44.660"></status>
</suite>
<status status="PASS" starttime="20240817 22:01:42.812" endtime="20240817 22:01:44.661"></status>
</suite>
<statistics>
<total>
<stat pass="2" fail="0">Critical Tests</stat>
<stat pass="2" fail="0">All Tests</stat>
</total>
<tag>
</tag>
<suite>
<stat pass="2" fail="0" id="s1" name="Practice Project">Practice Project</stat>
<stat pass="2" fail="0" id="s1-s1" name="All Suits">Practice Project.All Suits</stat>
<stat pass="2" fail="0" id="s1-s1-s1" name="Auth">Practice Project.All Suits.Auth</stat>
</suite>
</statistics>
<errors>
</errors>
</robot>
